Warning[205] C:\USERS\RKUTHIAL\DESKTOP\LAB 4\EXTERNAL_INTERUPT.ASM 49 : Found directive in column 1. (CBLOCK)
Warning[205] C:\USERS\RKUTHIAL\DESKTOP\LAB 4\EXTERNAL_INTERUPT.ASM 53 : Found directive in column 1. (ENDC)
Warning[203] C:\USERS\RKUTHIAL\DESKTOP\LAB 4\EXTERNAL_INTERUPT.ASM 83 : Found opcode in column 1. (bsf)
Warning[203] C:\USERS\RKUTHIAL\DESKTOP\LAB 4\EXTERNAL_INTERUPT.ASM 84 : Found opcode in column 1. (movlw)
Warning[203] C:\USERS\RKUTHIAL\DESKTOP\LAB 4\EXTERNAL_INTERUPT.ASM 85 : Found opcode in column 1. (movwf)
Message[302] C:\USERS\RKUTHIAL\DESKTOP\LAB 4\EXTERNAL_INTERUPT.ASM 85 : Register in operand not in bank 0.  Ensure that bank bits are correct.
Warning[203] C:\USERS\RKUTHIAL\DESKTOP\LAB 4\EXTERNAL_INTERUPT.ASM 86 : Found opcode in column 1. (bcf)
Warning[203] C:\USERS\RKUTHIAL\DESKTOP\LAB 4\EXTERNAL_INTERUPT.ASM 87 : Found opcode in column 1. (movlw)
Warning[203] C:\USERS\RKUTHIAL\DESKTOP\LAB 4\EXTERNAL_INTERUPT.ASM 88 : Found opcode in column 1. (movwf)
Warning[203] C:\USERS\RKUTHIAL\DESKTOP\LAB 4\EXTERNAL_INTERUPT.ASM 89 : Found opcode in column 1. (movlw)
Warning[203] C:\USERS\RKUTHIAL\DESKTOP\LAB 4\EXTERNAL_INTERUPT.ASM 90 : Found opcode in column 1. (bsf)
Warning[203] C:\USERS\RKUTHIAL\DESKTOP\LAB 4\EXTERNAL_INTERUPT.ASM 91 : Found opcode in column 1. (movwf)
Message[302] C:\USERS\RKUTHIAL\DESKTOP\LAB 4\EXTERNAL_INTERUPT.ASM 91 : Register in operand not in bank 0.  Ensure that bank bits are correct.
Warning[203] C:\USERS\RKUTHIAL\DESKTOP\LAB 4\EXTERNAL_INTERUPT.ASM 92 : Found opcode in column 1. (movlw)
Warning[203] C:\USERS\RKUTHIAL\DESKTOP\LAB 4\EXTERNAL_INTERUPT.ASM 93 : Found opcode in column 1. (bcf)
Warning[203] C:\USERS\RKUTHIAL\DESKTOP\LAB 4\EXTERNAL_INTERUPT.ASM 94 : Found opcode in column 1. (movwf)
Warning[203] C:\USERS\RKUTHIAL\DESKTOP\LAB 4\EXTERNAL_INTERUPT.ASM 97 : Found opcode in column 1. (clrwdt)
Warning[203] C:\USERS\RKUTHIAL\DESKTOP\LAB 4\EXTERNAL_INTERUPT.ASM 98 : Found opcode in column 1. (bsf)
Warning[203] C:\USERS\RKUTHIAL\DESKTOP\LAB 4\EXTERNAL_INTERUPT.ASM 99 : Found opcode in column 1. (movlw)
Warning[203] C:\USERS\RKUTHIAL\DESKTOP\LAB 4\EXTERNAL_INTERUPT.ASM 100 : Found opcode in column 1. (movwf)
Message[302] C:\USERS\RKUTHIAL\DESKTOP\LAB 4\EXTERNAL_INTERUPT.ASM 100 : Register in operand not in bank 0.  Ensure that bank bits are correct.
Warning[203] C:\USERS\RKUTHIAL\DESKTOP\LAB 4\EXTERNAL_INTERUPT.ASM 101 : Found opcode in column 1. (bcf)
Warning[203] C:\USERS\RKUTHIAL\DESKTOP\LAB 4\EXTERNAL_INTERUPT.ASM 102 : Found opcode in column 1. (movlw)
Warning[203] C:\USERS\RKUTHIAL\DESKTOP\LAB 4\EXTERNAL_INTERUPT.ASM 103 : Found opcode in column 1. (movwf)
Warning[203] C:\USERS\RKUTHIAL\DESKTOP\LAB 4\EXTERNAL_INTERUPT.ASM 105 : Found opcode in column 1. (movlw)
Warning[203] C:\USERS\RKUTHIAL\DESKTOP\LAB 4\EXTERNAL_INTERUPT.ASM 106 : Found opcode in column 1. (call)
Warning[203] C:\USERS\RKUTHIAL\DESKTOP\LAB 4\EXTERNAL_INTERUPT.ASM 107 : Found opcode in column 1. (movwf)
Warning[203] C:\USERS\RKUTHIAL\DESKTOP\LAB 4\EXTERNAL_INTERUPT.ASM 110 : Found opcode in column 1. (nop)
Warning[203] C:\USERS\RKUTHIAL\DESKTOP\LAB 4\EXTERNAL_INTERUPT.ASM 111 : Found opcode in column 1. (goto)
Warning[207] C:\USERS\RKUTHIAL\DESKTOP\LAB 4\EXTERNAL_INTERUPT.ASM 116 : Found label after column 1. (TimerInterrupt)
Warning[207] C:\USERS\RKUTHIAL\DESKTOP\LAB 4\EXTERNAL_INTERUPT.ASM 121 : Found label after column 1. (ToggleLight)
Warning[203] C:\USERS\RKUTHIAL\DESKTOP\LAB 4\EXTERNAL_INTERUPT.ASM 132 : Found opcode in column 1. (BCF)
Warning[203] C:\USERS\RKUTHIAL\DESKTOP\LAB 4\EXTERNAL_INTERUPT.ASM 133 : Found opcode in column 1. (movwf)
Warning[203] C:\USERS\RKUTHIAL\DESKTOP\LAB 4\EXTERNAL_INTERUPT.ASM 134 : Found opcode in column 1. (bsf)
Warning[203] C:\USERS\RKUTHIAL\DESKTOP\LAB 4\EXTERNAL_INTERUPT.ASM 135 : Found opcode in column 1. (bsf)
Message[302] C:\USERS\RKUTHIAL\DESKTOP\LAB 4\EXTERNAL_INTERUPT.ASM 135 : Register in operand not in bank 0.  Ensure that bank bits are correct.
Warning[203] C:\USERS\RKUTHIAL\DESKTOP\LAB 4\EXTERNAL_INTERUPT.ASM 136 : Found opcode in column 1. (bcf)
Warning[203] C:\USERS\RKUTHIAL\DESKTOP\LAB 4\EXTERNAL_INTERUPT.ASM 137 : Found opcode in column 1. (movf)
Warning[203] C:\USERS\RKUTHIAL\DESKTOP\LAB 4\EXTERNAL_INTERUPT.ASM 138 : Found opcode in column 1. (return)
Warning[203] C:\USERS\RKUTHIAL\DESKTOP\LAB 4\EXTERNAL_INTERUPT.ASM 142 : Found opcode in column 1. (movwf)
Warning[203] C:\USERS\RKUTHIAL\DESKTOP\LAB 4\EXTERNAL_INTERUPT.ASM 143 : Found opcode in column 1. (bsf)
Warning[203] C:\USERS\RKUTHIAL\DESKTOP\LAB 4\EXTERNAL_INTERUPT.ASM 144 : Found opcode in column 1. (movlw)
Warning[203] C:\USERS\RKUTHIAL\DESKTOP\LAB 4\EXTERNAL_INTERUPT.ASM 145 : Found opcode in column 1. (movwf)
Message[302] C:\USERS\RKUTHIAL\DESKTOP\LAB 4\EXTERNAL_INTERUPT.ASM 145 : Register in operand not in bank 0.  Ensure that bank bits are correct.
Warning[203] C:\USERS\RKUTHIAL\DESKTOP\LAB 4\EXTERNAL_INTERUPT.ASM 146 : Found opcode in column 1. (movlw)
Warning[203] C:\USERS\RKUTHIAL\DESKTOP\LAB 4\EXTERNAL_INTERUPT.ASM 147 : Found opcode in column 1. (movwf)
Message[302] C:\USERS\RKUTHIAL\DESKTOP\LAB 4\EXTERNAL_INTERUPT.ASM 147 : Register in operand not in bank 0.  Ensure that bank bits are correct.
Warning[203] C:\USERS\RKUTHIAL\DESKTOP\LAB 4\EXTERNAL_INTERUPT.ASM 148 : Found opcode in column 1. (bsf)
Message[302] C:\USERS\RKUTHIAL\DESKTOP\LAB 4\EXTERNAL_INTERUPT.ASM 148 : Register in operand not in bank 0.  Ensure that bank bits are correct.
Warning[203] C:\USERS\RKUTHIAL\DESKTOP\LAB 4\EXTERNAL_INTERUPT.ASM 149 : Found opcode in column 1. (bcf)
Warning[203] C:\USERS\RKUTHIAL\DESKTOP\LAB 4\EXTERNAL_INTERUPT.ASM 150 : Found opcode in column 1. (return)
Warning[205] C:\USERS\RKUTHIAL\DESKTOP\LAB 4\EXTERNAL_INTERUPT.ASM 152 : Found directive in column 1. (END)
